[ 2025-04-15 18:35:51,350 ] 12 root - INFO - Initialise the program
[ 2025-04-15 18:35:51,350 ] 15 root - INFO - Starting Phase 1 - Data Ingestion
[ 2025-04-15 18:35:53,360 ] 64 root - INFO - Performed train test split on the dataframe
[ 2025-04-15 18:35:53,360 ] 66 root - INFO - Exited split_data_as_train_test method of Data_Ingestion class
[ 2025-04-15 18:35:53,360 ] 74 root - INFO - Exporting train and test file path.
[ 2025-04-15 18:35:53,461 ] 83 root - INFO - Exported train and test file path.
[ 2025-04-15 18:35:53,470 ] 19 root - INFO - Completed Phase 1 - Data Ingestion
[ 2025-04-15 18:35:53,470 ] 22 root - INFO - Starting Phase 2 - Data Validation
[ 2025-04-15 18:35:53,501 ] 34 root - INFO - Required number of columns:2
[ 2025-04-15 18:35:53,501 ] 35 root - INFO - Data frame has columns:18
[ 2025-04-15 18:35:53,501 ] 34 root - INFO - Required number of columns:2
[ 2025-04-15 18:35:53,501 ] 35 root - INFO - Data frame has columns:18
[ 2025-04-15 18:35:53,616 ] 26 root - INFO - Completed Phase 2 - Data Validation
[ 2025-04-15 18:35:53,616 ] 29 root - INFO - Starting Phase 3 - Data Transformation
[ 2025-04-15 18:35:53,616 ] 53 root - INFO - Entered initiate_data_transformation method of DataTransformation class
[ 2025-04-15 18:35:53,653 ] 47 root - INFO - Entered the save_object method of MainUtils class
[ 2025-04-15 18:35:53,653 ] 51 root - INFO - Exited the save_object method of MainUtils class
[ 2025-04-15 18:35:53,653 ] 47 root - INFO - Entered the save_object method of MainUtils class
[ 2025-04-15 18:35:53,653 ] 51 root - INFO - Exited the save_object method of MainUtils class
[ 2025-04-15 18:35:53,654 ] 33 root - INFO - Completed Phase 3 - Data Transformation
[ 2025-04-15 18:35:53,654 ] 36 root - INFO - Starting Phase 4 - Model Training
[ 2025-04-15 18:41:09,779 ] 47 root - INFO - Entered the save_object method of MainUtils class
[ 2025-04-15 18:41:09,783 ] 51 root - INFO - Exited the save_object method of MainUtils class
[ 2025-04-15 18:41:09,783 ] 47 root - INFO - Entered the save_object method of MainUtils class
[ 2025-04-15 18:41:09,785 ] 51 root - INFO - Exited the save_object method of MainUtils class
[ 2025-04-15 18:41:09,785 ] 88 root - INFO - Model trainer artifact: ModelTrainerArtifact(trained_model_file_path='Artifacts/04_15_2025_18_35_50/model_trainer/trained_model/model.pkl', train_metric_artifact=ClassificationMetricArtifact(f1_score=0.8047912885662432, precision_score=0.7646044554796882, recall_score=0.8494368247643859), test_metric_artifact=ClassificationMetricArtifact(f1_score=0.8059744779582366, precision_score=0.7695929105510939, recall_score=0.8459665144596652))
