[ 2025-04-16 10:50:39,226 ] 1025 httpx - INFO - HTTP Request: GET https://dagshub.com/api/v1/user "HTTP/1.1 200 OK"
[ 2025-04-16 10:50:39,235 ] 107 dagshub - INFO - Accessing as gssrenathkumarmac2002
[ 2025-04-16 10:50:39,632 ] 1025 httpx - INFO - HTTP Request: GET https://dagshub.com/api/v1/repos/gssrenathkumarmac2002/Student_Depression_MLOPS "HTTP/1.1 200 OK"
[ 2025-04-16 10:50:39,999 ] 1025 httpx - INFO - HTTP Request: GET https://dagshub.com/api/v1/user "HTTP/1.1 200 OK"
[ 2025-04-16 10:50:40,003 ] 107 dagshub - INFO - Initialized MLflow to track repo "gssrenathkumarmac2002/Student_Depression_MLOPS"
[ 2025-04-16 10:50:40,003 ] 107 dagshub - INFO - Repository gssrenathkumarmac2002/Student_Depression_MLOPS initialized!
[ 2025-04-16 10:50:40,004 ] 12 root - INFO - Initialise the program
[ 2025-04-16 10:50:40,004 ] 15 root - INFO - Starting Phase 1 - Data Ingestion
[ 2025-04-16 10:50:42,013 ] 64 root - INFO - Performed train test split on the dataframe
[ 2025-04-16 10:50:42,013 ] 66 root - INFO - Exited split_data_as_train_test method of Data_Ingestion class
[ 2025-04-16 10:50:42,013 ] 74 root - INFO - Exporting train and test file path.
[ 2025-04-16 10:50:42,115 ] 83 root - INFO - Exported train and test file path.
[ 2025-04-16 10:50:42,124 ] 19 root - INFO - Completed Phase 1 - Data Ingestion
[ 2025-04-16 10:50:42,124 ] 22 root - INFO - Starting Phase 2 - Data Validation
[ 2025-04-16 10:50:42,153 ] 34 root - INFO - Required number of columns:2
[ 2025-04-16 10:50:42,153 ] 35 root - INFO - Data frame has columns:18
[ 2025-04-16 10:50:42,153 ] 34 root - INFO - Required number of columns:2
[ 2025-04-16 10:50:42,153 ] 35 root - INFO - Data frame has columns:18
[ 2025-04-16 10:50:42,270 ] 26 root - INFO - Completed Phase 2 - Data Validation
[ 2025-04-16 10:50:42,270 ] 29 root - INFO - Starting Phase 3 - Data Transformation
[ 2025-04-16 10:50:42,270 ] 53 root - INFO - Entered initiate_data_transformation method of DataTransformation class
[ 2025-04-16 10:50:42,307 ] 47 root - INFO - Entered the save_object method of MainUtils class
[ 2025-04-16 10:50:42,308 ] 51 root - INFO - Exited the save_object method of MainUtils class
[ 2025-04-16 10:50:42,308 ] 47 root - INFO - Entered the save_object method of MainUtils class
[ 2025-04-16 10:50:42,308 ] 51 root - INFO - Exited the save_object method of MainUtils class
[ 2025-04-16 10:50:42,309 ] 33 root - INFO - Completed Phase 3 - Data Transformation
[ 2025-04-16 10:50:42,309 ] 36 root - INFO - Starting Phase 4 - Model Training
