[ 2025-04-15 18:55:19,550 ] 1025 httpx - INFO - HTTP Request: POST https://dagshub.com/login/oauth/middleman "HTTP/1.1 200 OK"
[ 2025-04-15 18:55:19,930 ] 1025 httpx - INFO - HTTP Request: POST https://dagshub.com/login/oauth/access_token "HTTP/1.1 200 OK"
[ 2025-04-15 18:55:20,276 ] 1025 httpx - INFO - HTTP Request: GET https://dagshub.com/api/v1/user "HTTP/1.1 200 OK"
[ 2025-04-15 18:55:20,279 ] 107 dagshub - INFO - Accessing as gssrenathkumarmac2002
[ 2025-04-15 18:55:20,654 ] 1025 httpx - INFO - HTTP Request: GET https://dagshub.com/api/v1/repos/gssrenathkumarmac2002/Student_Depression_MLOPS "HTTP/1.1 200 OK"
[ 2025-04-15 18:55:21,152 ] 1025 httpx - INFO - HTTP Request: GET https://dagshub.com/api/v1/user "HTTP/1.1 200 OK"
[ 2025-04-15 18:55:21,164 ] 107 dagshub - INFO - Initialized MLflow to track repo "gssrenathkumarmac2002/Student_Depression_MLOPS"
[ 2025-04-15 18:55:21,165 ] 107 dagshub - INFO - Repository gssrenathkumarmac2002/Student_Depression_MLOPS initialized!
[ 2025-04-15 18:55:21,165 ] 12 root - INFO - Initialise the program
[ 2025-04-15 18:55:21,166 ] 15 root - INFO - Starting Phase 1 - Data Ingestion
[ 2025-04-15 18:55:23,145 ] 64 root - INFO - Performed train test split on the dataframe
[ 2025-04-15 18:55:23,145 ] 66 root - INFO - Exited split_data_as_train_test method of Data_Ingestion class
[ 2025-04-15 18:55:23,145 ] 74 root - INFO - Exporting train and test file path.
[ 2025-04-15 18:55:23,257 ] 83 root - INFO - Exported train and test file path.
[ 2025-04-15 18:55:23,265 ] 19 root - INFO - Completed Phase 1 - Data Ingestion
[ 2025-04-15 18:55:23,265 ] 22 root - INFO - Starting Phase 2 - Data Validation
[ 2025-04-15 18:55:23,297 ] 34 root - INFO - Required number of columns:2
[ 2025-04-15 18:55:23,297 ] 35 root - INFO - Data frame has columns:18
[ 2025-04-15 18:55:23,297 ] 34 root - INFO - Required number of columns:2
[ 2025-04-15 18:55:23,297 ] 35 root - INFO - Data frame has columns:18
[ 2025-04-15 18:55:23,413 ] 26 root - INFO - Completed Phase 2 - Data Validation
[ 2025-04-15 18:55:23,413 ] 29 root - INFO - Starting Phase 3 - Data Transformation
[ 2025-04-15 18:55:23,413 ] 53 root - INFO - Entered initiate_data_transformation method of DataTransformation class
[ 2025-04-15 18:55:23,453 ] 47 root - INFO - Entered the save_object method of MainUtils class
[ 2025-04-15 18:55:23,453 ] 51 root - INFO - Exited the save_object method of MainUtils class
[ 2025-04-15 18:55:23,453 ] 47 root - INFO - Entered the save_object method of MainUtils class
[ 2025-04-15 18:55:23,454 ] 51 root - INFO - Exited the save_object method of MainUtils class
[ 2025-04-15 18:55:23,456 ] 33 root - INFO - Completed Phase 3 - Data Transformation
[ 2025-04-15 18:55:23,456 ] 36 root - INFO - Starting Phase 4 - Model Training
