[ 2025-04-15 18:35:04,705 ] 12 root - INFO - Initialise the program
[ 2025-04-15 18:35:04,705 ] 15 root - INFO - Starting Phase 1 - Data Ingestion
[ 2025-04-15 18:35:07,167 ] 64 root - INFO - Performed train test split on the dataframe
[ 2025-04-15 18:35:07,167 ] 66 root - INFO - Exited split_data_as_train_test method of Data_Ingestion class
[ 2025-04-15 18:35:07,167 ] 74 root - INFO - Exporting train and test file path.
[ 2025-04-15 18:35:07,270 ] 83 root - INFO - Exported train and test file path.
[ 2025-04-15 18:35:07,278 ] 19 root - INFO - Completed Phase 1 - Data Ingestion
[ 2025-04-15 18:35:07,279 ] 22 root - INFO - Starting Phase 2 - Data Validation
[ 2025-04-15 18:35:07,307 ] 34 root - INFO - Required number of columns:2
[ 2025-04-15 18:35:07,307 ] 35 root - INFO - Data frame has columns:18
[ 2025-04-15 18:35:07,307 ] 34 root - INFO - Required number of columns:2
[ 2025-04-15 18:35:07,307 ] 35 root - INFO - Data frame has columns:18
[ 2025-04-15 18:35:07,417 ] 26 root - INFO - Completed Phase 2 - Data Validation
[ 2025-04-15 18:35:07,417 ] 29 root - INFO - Starting Phase 3 - Data Transformation
[ 2025-04-15 18:35:07,417 ] 53 root - INFO - Entered initiate_data_transformation method of DataTransformation class
[ 2025-04-15 18:35:07,455 ] 47 root - INFO - Entered the save_object method of MainUtils class
[ 2025-04-15 18:35:07,455 ] 51 root - INFO - Exited the save_object method of MainUtils class
[ 2025-04-15 18:35:07,455 ] 47 root - INFO - Entered the save_object method of MainUtils class
[ 2025-04-15 18:35:07,455 ] 51 root - INFO - Exited the save_object method of MainUtils class
[ 2025-04-15 18:35:07,456 ] 33 root - INFO - Completed Phase 3 - Data Transformation
[ 2025-04-15 18:35:07,456 ] 36 root - INFO - Starting Phase 4 - Model Training
