[ 2025-04-15 18:27:18,039 ] 12 root - INFO - Initialise the program
[ 2025-04-15 18:27:18,039 ] 15 root - INFO - Starting Phase 1 - Data Ingestion
[ 2025-04-15 18:27:20,379 ] 64 root - INFO - Performed train test split on the dataframe
[ 2025-04-15 18:27:20,379 ] 66 root - INFO - Exited split_data_as_train_test method of Data_Ingestion class
[ 2025-04-15 18:27:20,379 ] 74 root - INFO - Exporting train and test file path.
[ 2025-04-15 18:27:20,481 ] 83 root - INFO - Exported train and test file path.
[ 2025-04-15 18:27:20,489 ] 19 root - INFO - Completed Phase 1 - Data Ingestion
[ 2025-04-15 18:27:20,489 ] 22 root - INFO - Starting Phase 2 - Data Validation
[ 2025-04-15 18:27:20,518 ] 34 root - INFO - Required number of columns:2
[ 2025-04-15 18:27:20,518 ] 35 root - INFO - Data frame has columns:18
[ 2025-04-15 18:27:20,519 ] 34 root - INFO - Required number of columns:2
[ 2025-04-15 18:27:20,519 ] 35 root - INFO - Data frame has columns:18
[ 2025-04-15 18:27:20,631 ] 26 root - INFO - Completed Phase 2 - Data Validation
[ 2025-04-15 18:27:20,631 ] 29 root - INFO - Starting Phase 3 - Data Transformation
[ 2025-04-15 18:27:20,631 ] 53 root - INFO - Entered initiate_data_transformation method of DataTransformation class
[ 2025-04-15 18:27:20,667 ] 47 root - INFO - Entered the save_object method of MainUtils class
[ 2025-04-15 18:27:20,668 ] 51 root - INFO - Exited the save_object method of MainUtils class
[ 2025-04-15 18:27:20,668 ] 47 root - INFO - Entered the save_object method of MainUtils class
[ 2025-04-15 18:27:20,668 ] 51 root - INFO - Exited the save_object method of MainUtils class
[ 2025-04-15 18:27:20,669 ] 33 root - INFO - Completed Phase 3 - Data Transformation
[ 2025-04-15 18:27:20,669 ] 36 root - INFO - Starting Phase 4 - Model Training
